2023-05-08T14:13:57+00:00 CRITICAL Uncaught Error: Call to undefined function GetReview\Connect() in /var/www/u202319/data/www/woo.dmn.gg/wp-content/plugins/getreview/getreview.php:40
Stack trace:
#0 /var/www/u202319/data/www/woo.dmn.gg/wp-includes/class-wp-hook.php(308): {closure}()
#1 /var/www/u202319/data/www/woo.dmn.gg/wp-includes/class-wp-hook.php(332): WP_Hook->apply_filters()
#2 /var/www/u202319/data/www/woo.dmn.gg/wp-includes/plugin.php(517): WP_Hook->do_action()
#3 /var/www/u202319/data/www/woo.dmn.gg/wp-settings.php(486): do_action()
#4 /var/www/u202319/data/www/woo.dmn.gg/wp-config.php(88): require_once('/var/www/u20231...')
#5 /var/www/u202319/data/www/woo.dmn.gg/wp-load.php(50): require_once('/var/www/u20231...')
#6 /var/www/u202319/data/www/woo.dmn.gg/wp-admin/admin.php(34): require_once('/var/www/u20231...')
#7 /var/www/u202319/data/www/woo.dmn.gg/wp-admin/options-general.php(10): require_once('/var/www/u20231...')
#8 {main}
  thrown w /var/www/u202319/data/www/woo.dmn.gg/wp-content/plugins/getreview/getreview.php w linii 40

2023-05-08T14:38:19+00:00 CRITICAL Uncaught Error: Non-static method GetReview\Connect::getGuid() cannot be called statically in /var/www/u202319/data/www/woo.dmn.gg/wp-content/plugins/getreview/getreview.php:41
Stack trace:
#0 /var/www/u202319/data/www/woo.dmn.gg/wp-includes/class-wp-hook.php(308): {closure}()
#1 /var/www/u202319/data/www/woo.dmn.gg/wp-includes/class-wp-hook.php(332): WP_Hook->apply_filters()
#2 /var/www/u202319/data/www/woo.dmn.gg/wp-includes/plugin.php(517): WP_Hook->do_action()
#3 /var/www/u202319/data/www/woo.dmn.gg/wp-settings.php(486): do_action()
#4 /var/www/u202319/data/www/woo.dmn.gg/wp-config.php(88): require_once('/var/www/u20231...')
#5 /var/www/u202319/data/www/woo.dmn.gg/wp-load.php(50): require_once('/var/www/u20231...')
#6 /var/www/u202319/data/www/woo.dmn.gg/wp-admin/admin.php(34): require_once('/var/www/u20231...')
#7 /var/www/u202319/data/www/woo.dmn.gg/wp-admin/users.php(11): require_once('/var/www/u20231...')
#8 {main}
  thrown w /var/www/u202319/data/www/woo.dmn.gg/wp-content/plugins/getreview/getreview.php w linii 41

2023-05-08T14:39:46+00:00 CRITICAL Uncaught Error: Non-static method GetReview\Connect::getGuid() cannot be called statically in /var/www/u202319/data/www/woo.dmn.gg/wp-content/plugins/getreview/getreview.php:47
Stack trace:
#0 /var/www/u202319/data/www/woo.dmn.gg/wp-includes/class-wp-hook.php(308): {closure}()
#1 /var/www/u202319/data/www/woo.dmn.gg/wp-includes/class-wp-hook.php(332): WP_Hook->apply_filters()
#2 /var/www/u202319/data/www/woo.dmn.gg/wp-includes/plugin.php(517): WP_Hook->do_action()
#3 /var/www/u202319/data/www/woo.dmn.gg/wp-settings.php(486): do_action()
#4 /var/www/u202319/data/www/woo.dmn.gg/wp-config.php(88): require_once('/var/www/u20231...')
#5 /var/www/u202319/data/www/woo.dmn.gg/wp-load.php(50): require_once('/var/www/u20231...')
#6 /var/www/u202319/data/www/woo.dmn.gg/wp-admin/admin.php(34): require_once('/var/www/u20231...')
#7 /var/www/u202319/data/www/woo.dmn.gg/wp-admin/users.php(11): require_once('/var/www/u20231...')
#8 {main}
  thrown w /var/www/u202319/data/www/woo.dmn.gg/wp-content/plugins/getreview/getreview.php w linii 47

